   0  $accept : %entry% $end

   1  program :
   2          | program vdecl
   3          | program methdecl

   4  vdecl : cb_type ID SEMICOLON

   5  vdecl_list :
   6             | vdecl_list vdecl

   7  methdecl : METH cb_type ID LEFTPAREN meth_params RIGHTPAREN vdecl_list statement_list END

   8  cb_type : INT
   9          | NOTE
  10          | CHORD
  11          | SCALE
  12          | BOOL
  13          | STANZA
  14          | SCORE
  15          | VOID

  16  meth_params :
  17              | param_list

  18  param_list : param_decl
  19             | param_list COMMA param_decl

  20  param_decl : cb_type ID

  21  statement_list :
  22                 | statement_list statement

  23  statement : expr SEMICOLON
  24            | RETURN expr_opt SEMICOLON
  25            | RIGHTPAREN statement_list END
  26            | IF LEFTPAREN expr RIGHTPAREN statement_list elsif_statement END
  27            | IF LEFTPAREN expr RIGHTPAREN statement_list elsif_statement ELSE statement_list END
  28            | WHILE LEFTPAREN expr RIGHTPAREN statement_list END
  29            | FOREACH LEFTPAREN param_decl IN ID RIGHTPAREN statement_list END

  30  elsif_statement :
  31                  | ELSIF LEFTPAREN expr RIGHTPAREN statement_list

  32  duration_expr : DURATIONINT
  33                | DURATIONCONST

  34  generic_list :
  35               | generic_list COMMA expr

  36  expr_opt :
  37           | expr

  38  expr : ID
  39       | ID DOT ID
  40       | INTLITERAL
  41       | NOTECONST
  42       | BOOLLITERAL
  43       | ID LBRAC expr RBRAC
  44       | duration_expr
  45       | LEFTPAREN NOTECONST COMMA OCTAVE COMMA duration_expr RIGHTPAREN
  46       | LEFTPAREN LBRAC generic_list RBRAC COMMA duration_expr RIGHTPAREN
  47       | LBRAC generic_list RBRAC
  48       | ID ASSIGN expr
  49       | expr PLUSEQ expr
  50       | expr MINUSEQ expr
  51       | expr TIMESEQ expr
  52       | expr DIVIDEEQ expr
  53       | expr MODEQ expr
  54       | expr PLUS expr
  55       | expr MINUS expr
  56       | expr TIMES expr
  57       | expr DIVIDE expr
  58       | expr MOD expr
  59       | expr AND expr
  60       | expr OR expr
  61       | expr IS expr
  62       | expr ISNT expr
  63       | expr LT expr
  64       | expr LEQ expr
  65       | expr GT expr
  66       | expr GEQ expr
  67       | expr PLUSPLUS
  68       | expr MINUSMINUS
  69       | expr SHARP
  70       | expr FLAT
  71       | expr RAISE
  72       | expr LOWER
  73       | LEFTPAREN expr RIGHTPAREN
  74       | ID LEFTPAREN actuals_opt RIGHTPAREN

  75  actuals_opt :
  76              | actuals_list

  77  actuals_list : expr
  78               | actuals_list COMMA expr

  79  %entry% : '\001' program

state 0
	$accept : . %entry% $end  (0)

	'\001'  shift 1
	.  error

	%entry%  goto 2


state 1
	%entry% : '\001' . program  (79)
	program : .  (1)

	.  reduce 1

	program  goto 3


state 2
	$accept : %entry% . $end  (0)

	$end  accept


state 3
	program : program . vdecl  (2)
	program : program . methdecl  (3)
	%entry% : '\001' program .  (79)

	INT  shift 4
	NOTE  shift 5
	CHORD  shift 6
	SCALE  shift 7
	STANZA  shift 8
	SCORE  shift 9
	VOID  shift 10
	BOOL  shift 11
	METH  shift 12
	$end  reduce 79

	vdecl  goto 13
	methdecl  goto 14
	cb_type  goto 15


state 4
	cb_type : INT .  (8)

	.  reduce 8


state 5
	cb_type : NOTE .  (9)

	.  reduce 9


state 6
	cb_type : CHORD .  (10)

	.  reduce 10


state 7
	cb_type : SCALE .  (11)

	.  reduce 11


state 8
	cb_type : STANZA .  (13)

	.  reduce 13


state 9
	cb_type : SCORE .  (14)

	.  reduce 14


state 10
	cb_type : VOID .  (15)

	.  reduce 15


state 11
	cb_type : BOOL .  (12)

	.  reduce 12


state 12
	methdecl : METH . cb_type ID LEFTPAREN meth_params RIGHTPAREN vdecl_list statement_list END  (7)

	INT  shift 4
	NOTE  shift 5
	CHORD  shift 6
	SCALE  shift 7
	STANZA  shift 8
	SCORE  shift 9
	VOID  shift 10
	BOOL  shift 11
	.  error

	cb_type  goto 16


state 13
	program : program vdecl .  (2)

	.  reduce 2


state 14
	program : program methdecl .  (3)

	.  reduce 3


state 15
	vdecl : cb_type . ID SEMICOLON  (4)

	ID  shift 17
	.  error


state 16
	methdecl : METH cb_type . ID LEFTPAREN meth_params RIGHTPAREN vdecl_list statement_list END  (7)

	ID  shift 18
	.  error


state 17
	vdecl : cb_type ID . SEMICOLON  (4)

	SEMICOLON  shift 19
	.  error


state 18
	methdecl : METH cb_type ID . LEFTPAREN meth_params RIGHTPAREN vdecl_list statement_list END  (7)

	LEFTPAREN  shift 20
	.  error


state 19
	vdecl : cb_type ID SEMICOLON .  (4)

	.  reduce 4


state 20
	methdecl : METH cb_type ID LEFTPAREN . meth_params RIGHTPAREN vdecl_list statement_list END  (7)
	meth_params : .  (16)

	INT  shift 4
	NOTE  shift 5
	CHORD  shift 6
	SCALE  shift 7
	STANZA  shift 8
	SCORE  shift 9
	VOID  shift 10
	BOOL  shift 11
	RIGHTPAREN  reduce 16

	cb_type  goto 21
	meth_params  goto 22
	param_list  goto 23
	param_decl  goto 24


state 21
	param_decl : cb_type . ID  (20)

	ID  shift 25
	.  error


state 22
	methdecl : METH cb_type ID LEFTPAREN meth_params . RIGHTPAREN vdecl_list statement_list END  (7)

	RIGHTPAREN  shift 26
	.  error


state 23
	meth_params : param_list .  (17)
	param_list : param_list . COMMA param_decl  (19)

	COMMA  shift 27
	RIGHTPAREN  reduce 17


state 24
	param_list : param_decl .  (18)

	.  reduce 18


state 25
	param_decl : cb_type ID .  (20)

	.  reduce 20


state 26
	methdecl : METH cb_type ID LEFTPAREN meth_params RIGHTPAREN . vdecl_list statement_list END  (7)
	vdecl_list : .  (5)

	.  reduce 5

	vdecl_list  goto 28


state 27
	param_list : param_list COMMA . param_decl  (19)

	INT  shift 4
	NOTE  shift 5
	CHORD  shift 6
	SCALE  shift 7
	STANZA  shift 8
	SCORE  shift 9
	VOID  shift 10
	BOOL  shift 11
	.  error

	cb_type  goto 21
	param_decl  goto 29


state 28
	vdecl_list : vdecl_list . vdecl  (6)
	methdecl : METH cb_type ID LEFTPAREN meth_params RIGHTPAREN vdecl_list . statement_list END  (7)
	statement_list : .  (21)

	INT  shift 4
	NOTE  shift 5
	CHORD  shift 6
	SCALE  shift 7
	STANZA  shift 8
	SCORE  shift 9
	VOID  shift 10
	BOOL  shift 11
	INTLITERAL  reduce 21
	DURATIONINT  reduce 21
	DURATIONCONST  reduce 21
	NOTECONST  reduce 21
	BOOLLITERAL  reduce 21
	ID  reduce 21
	LEFTPAREN  reduce 21
	RIGHTPAREN  reduce 21
	LBRAC  reduce 21
	IF  reduce 21
	WHILE  reduce 21
	FOREACH  reduce 21
	RETURN  reduce 21
	END  reduce 21

	vdecl  goto 30
	cb_type  goto 15
	statement_list  goto 31


state 29
	param_list : param_list COMMA param_decl .  (19)

	.  reduce 19


state 30
	vdecl_list : vdecl_list vdecl .  (6)

	.  reduce 6


state 31
	methdecl : METH cb_type ID LEFTPAREN meth_params RIGHTPAREN vdecl_list statement_list . END  (7)
	statement_list : statement_list . statement  (22)

	INTLITERAL  shift 32
	DURATIONINT  shift 33
	DURATIONCONST  shift 34
	NOTECONST  shift 35
	BOOLLITERAL  shift 36
	ID  shift 37
	LEFTPAREN  shift 38
	RIGHTPAREN  shift 39
	LBRAC  shift 40
	IF  shift 41
	WHILE  shift 42
	FOREACH  shift 43
	RETURN  shift 44
	END  shift 45
	.  error

	statement  goto 46
	expr  goto 47
	duration_expr  goto 48


state 32
	expr : INTLITERAL .  (40)

	.  reduce 40


state 33
	duration_expr : DURATIONINT .  (32)

	.  reduce 32


state 34
	duration_expr : DURATIONCONST .  (33)

	.  reduce 33


state 35
	expr : NOTECONST .  (41)

	.  reduce 41


state 36
	expr : BOOLLITERAL .  (42)

	.  reduce 42


state 37
	expr : ID .  (38)
	expr : ID . DOT ID  (39)
	expr : ID . LBRAC expr RBRAC  (43)
	expr : ID . ASSIGN expr  (48)
	expr : ID . LEFTPAREN actuals_opt RIGHTPAREN  (74)

	LEFTPAREN  shift 49
	LBRAC  shift 50
	ASSIGN  shift 51
	DOT  shift 52
	RIGHTPAREN  reduce 38
	RBRAC  reduce 38
	PLUSEQ  reduce 38
	MINUSEQ  reduce 38
	TIMESEQ  reduce 38
	DIVIDEEQ  reduce 38
	MOD  reduce 38
	AND  reduce 38
	OR  reduce 38
	MODEQ  reduce 38
	PLUS  reduce 38
	MINUS  reduce 38
	TIMES  reduce 38
	DIVIDE  reduce 38
	IS  reduce 38
	ISNT  reduce 38
	LT  reduce 38
	LEQ  reduce 38
	GT  reduce 38
	GEQ  reduce 38
	PLUSPLUS  reduce 38
	MINUSMINUS  reduce 38
	SHARP  reduce 38
	FLAT  reduce 38
	RAISE  reduce 38
	LOWER  reduce 38
	SEMICOLON  reduce 38
	COMMA  reduce 38


state 38
	expr : LEFTPAREN . NOTECONST COMMA OCTAVE COMMA duration_expr RIGHTPAREN  (45)
	expr : LEFTPAREN . LBRAC generic_list RBRAC COMMA duration_expr RIGHTPAREN  (46)
	expr : LEFTPAREN . expr RIGHTPAREN  (73)

	INTLITERAL  shift 32
	DURATIONINT  shift 33
	DURATIONCONST  shift 34
	NOTECONST  shift 53
	BOOLLITERAL  shift 36
	ID  shift 37
	LEFTPAREN  shift 38
	LBRAC  shift 54
	.  error

	expr  goto 55
	duration_expr  goto 48


state 39
	statement : RIGHTPAREN . statement_list END  (25)
	statement_list : .  (21)

	.  reduce 21

	statement_list  goto 56


state 40
	expr : LBRAC . generic_list RBRAC  (47)
	generic_list : .  (34)

	.  reduce 34

	generic_list  goto 57


state 41
	statement : IF . LEFTPAREN expr RIGHTPAREN statement_list elsif_statement END  (26)
	statement : IF . LEFTPAREN expr RIGHTPAREN statement_list elsif_statement ELSE statement_list END  (27)

	LEFTPAREN  shift 58
	.  error


state 42
	statement : WHILE . LEFTPAREN expr RIGHTPAREN statement_list END  (28)

	LEFTPAREN  shift 59
	.  error


state 43
	statement : FOREACH . LEFTPAREN param_decl IN ID RIGHTPAREN statement_list END  (29)

	LEFTPAREN  shift 60
	.  error


state 44
	statement : RETURN . expr_opt SEMICOLON  (24)
	expr_opt : .  (36)

	INTLITERAL  shift 32
	DURATIONINT  shift 33
	DURATIONCONST  shift 34
	NOTECONST  shift 35
	BOOLLITERAL  shift 36
	ID  shift 37
	LEFTPAREN  shift 38
	LBRAC  shift 40
	SEMICOLON  reduce 36

	expr  goto 61
	expr_opt  goto 62
	duration_expr  goto 48


state 45
	methdecl : METH cb_type ID LEFTPAREN meth_params RIGHTPAREN vdecl_list statement_list END .  (7)

	.  reduce 7


state 46
	statement_list : statement_list statement .  (22)

	.  reduce 22


state 47
	statement : expr . SEMICOLON  (23)
	expr : expr . PLUSEQ expr  (49)
	expr : expr . MINUSEQ expr  (50)
	expr : expr . TIMESEQ expr  (51)
	expr : expr . DIVIDEEQ expr  (52)
	expr : expr . MODEQ expr  (53)
	expr : expr . PLUS expr  (54)
	expr : expr . MINUS expr  (55)
	expr : expr . TIMES expr  (56)
	expr : expr . DIVIDE expr  (57)
	expr : expr . MOD expr  (58)
	expr : expr . AND expr  (59)
	expr : expr . OR expr  (60)
	expr : expr . IS expr  (61)
	expr : expr . ISNT expr  (62)
	expr : expr . LT expr  (63)
	expr : expr . LEQ expr  (64)
	expr : expr . GT expr  (65)
	expr : expr . GEQ expr  (66)
	expr : expr . PLUSPLUS  (67)
	expr : expr . MINUSMINUS  (68)
	expr : expr . SHARP  (69)
	expr : expr . FLAT  (70)
	expr : expr . RAISE  (71)
	expr : expr . LOWER  (72)

	PLUSEQ  shift 63
	MINUSEQ  shift 64
	TIMESEQ  shift 65
	DIVIDEEQ  shift 66
	MOD  shift 67
	AND  shift 68
	OR  shift 69
	MODEQ  shift 70
	PLUS  shift 71
	MINUS  shift 72
	TIMES  shift 73
	DIVIDE  shift 74
	IS  shift 75
	ISNT  shift 76
	LT  shift 77
	LEQ  shift 78
	GT  shift 79
	GEQ  shift 80
	PLUSPLUS  shift 81
	MINUSMINUS  shift 82
	SHARP  shift 83
	FLAT  shift 84
	RAISE  shift 85
	LOWER  shift 86
	SEMICOLON  shift 87
	.  error


state 48
	expr : duration_expr .  (44)

	.  reduce 44


state 49
	expr : ID LEFTPAREN . actuals_opt RIGHTPAREN  (74)
	actuals_opt : .  (75)

	INTLITERAL  shift 32
	DURATIONINT  shift 33
	DURATIONCONST  shift 34
	NOTECONST  shift 35
	BOOLLITERAL  shift 36
	ID  shift 37
	LEFTPAREN  shift 38
	LBRAC  shift 40
	RIGHTPAREN  reduce 75

	expr  goto 88
	duration_expr  goto 48
	actuals_opt  goto 89
	actuals_list  goto 90


state 50
	expr : ID LBRAC . expr RBRAC  (43)

	INTLITERAL  shift 32
	DURATIONINT  shift 33
	DURATIONCONST  shift 34
	NOTECONST  shift 35
	BOOLLITERAL  shift 36
	ID  shift 37
	LEFTPAREN  shift 38
	LBRAC  shift 40
	.  error

	expr  goto 91
	duration_expr  goto 48


state 51
	expr : ID ASSIGN . expr  (48)

	INTLITERAL  shift 32
	DURATIONINT  shift 33
	DURATIONCONST  shift 34
	NOTECONST  shift 35
	BOOLLITERAL  shift 36
	ID  shift 37
	LEFTPAREN  shift 38
	LBRAC  shift 40
	.  error

	expr  goto 92
	duration_expr  goto 48


state 52
	expr : ID DOT . ID  (39)

	ID  shift 93
	.  error


state 53
	expr : NOTECONST .  (41)
	expr : LEFTPAREN NOTECONST . COMMA OCTAVE COMMA duration_expr RIGHTPAREN  (45)

	COMMA  shift 94
	RIGHTPAREN  reduce 41
	PLUSEQ  reduce 41
	MINUSEQ  reduce 41
	TIMESEQ  reduce 41
	DIVIDEEQ  reduce 41
	MOD  reduce 41
	AND  reduce 41
	OR  reduce 41
	MODEQ  reduce 41
	PLUS  reduce 41
	MINUS  reduce 41
	TIMES  reduce 41
	DIVIDE  reduce 41
	IS  reduce 41
	ISNT  reduce 41
	LT  reduce 41
	LEQ  reduce 41
	GT  reduce 41
	GEQ  reduce 41
	PLUSPLUS  reduce 41
	MINUSMINUS  reduce 41
	SHARP  reduce 41
	FLAT  reduce 41
	RAISE  reduce 41
	LOWER  reduce 41


state 54
	expr : LEFTPAREN LBRAC . generic_list RBRAC COMMA duration_expr RIGHTPAREN  (46)
	expr : LBRAC . generic_list RBRAC  (47)
	generic_list : .  (34)

	.  reduce 34

	generic_list  goto 95


state 55
	expr : expr . PLUSEQ expr  (49)
	expr : expr . MINUSEQ expr  (50)
	expr : expr . TIMESEQ expr  (51)
	expr : expr . DIVIDEEQ expr  (52)
	expr : expr . MODEQ expr  (53)
	expr : expr . PLUS expr  (54)
	expr : expr . MINUS expr  (55)
	expr : expr . TIMES expr  (56)
	expr : expr . DIVIDE expr  (57)
	expr : expr . MOD expr  (58)
	expr : expr . AND expr  (59)
	expr : expr . OR expr  (60)
	expr : expr . IS expr  (61)
	expr : expr . ISNT expr  (62)
	expr : expr . LT expr  (63)
	expr : expr . LEQ expr  (64)
	expr : expr . GT expr  (65)
	expr : expr . GEQ expr  (66)
	expr : expr . PLUSPLUS  (67)
	expr : expr . MINUSMINUS  (68)
	expr : expr . SHARP  (69)
	expr : expr . FLAT  (70)
	expr : expr . RAISE  (71)
	expr : expr . LOWER  (72)
	expr : LEFTPAREN expr . RIGHTPAREN  (73)

	RIGHTPAREN  shift 96
	PLUSEQ  shift 63
	MINUSEQ  shift 64
	TIMESEQ  shift 65
	DIVIDEEQ  shift 66
	MOD  shift 67
	AND  shift 68
	OR  shift 69
	MODEQ  shift 70
	PLUS  shift 71
	MINUS  shift 72
	TIMES  shift 73
	DIVIDE  shift 74
	IS  shift 75
	ISNT  shift 76
	LT  shift 77
	LEQ  shift 78
	GT  shift 79
	GEQ  shift 80
	PLUSPLUS  shift 81
	MINUSMINUS  shift 82
	SHARP  shift 83
	FLAT  shift 84
	RAISE  shift 85
	LOWER  shift 86
	.  error


state 56
	statement_list : statement_list . statement  (22)
	statement : RIGHTPAREN statement_list . END  (25)

	INTLITERAL  shift 32
	DURATIONINT  shift 33
	DURATIONCONST  shift 34
	NOTECONST  shift 35
	BOOLLITERAL  shift 36
	ID  shift 37
	LEFTPAREN  shift 38
	RIGHTPAREN  shift 39
	LBRAC  shift 40
	IF  shift 41
	WHILE  shift 42
	FOREACH  shift 43
	RETURN  shift 44
	END  shift 97
	.  error

	statement  goto 46
	expr  goto 47
	duration_expr  goto 48


state 57
	generic_list : generic_list . COMMA expr  (35)
	expr : LBRAC generic_list . RBRAC  (47)

	RBRAC  shift 98
	COMMA  shift 99
	.  error


state 58
	statement : IF LEFTPAREN . expr RIGHTPAREN statement_list elsif_statement END  (26)
	statement : IF LEFTPAREN . expr RIGHTPAREN statement_list elsif_statement ELSE statement_list END  (27)

	INTLITERAL  shift 32
	DURATIONINT  shift 33
	DURATIONCONST  shift 34
	NOTECONST  shift 35
	BOOLLITERAL  shift 36
	ID  shift 37
	LEFTPAREN  shift 38
	LBRAC  shift 40
	.  error

	expr  goto 100
	duration_expr  goto 48


state 59
	statement : WHILE LEFTPAREN . expr RIGHTPAREN statement_list END  (28)

	INTLITERAL  shift 32
	DURATIONINT  shift 33
	DURATIONCONST  shift 34
	NOTECONST  shift 35
	BOOLLITERAL  shift 36
	ID  shift 37
	LEFTPAREN  shift 38
	LBRAC  shift 40
	.  error

	expr  goto 101
	duration_expr  goto 48


state 60
	statement : FOREACH LEFTPAREN . param_decl IN ID RIGHTPAREN statement_list END  (29)

	INT  shift 4
	NOTE  shift 5
	CHORD  shift 6
	SCALE  shift 7
	STANZA  shift 8
	SCORE  shift 9
	VOID  shift 10
	BOOL  shift 11
	.  error

	cb_type  goto 21
	param_decl  goto 102


state 61
	expr_opt : expr .  (37)
	expr : expr . PLUSEQ expr  (49)
	expr : expr . MINUSEQ expr  (50)
	expr : expr . TIMESEQ expr  (51)
	expr : expr . DIVIDEEQ expr  (52)
	expr : expr . MODEQ expr  (53)
	expr : expr . PLUS expr  (54)
	expr : expr . MINUS expr  (55)
	expr : expr . TIMES expr  (56)
	expr : expr . DIVIDE expr  (57)
	expr : expr . MOD expr  (58)
	expr : expr . AND expr  (59)
	expr : expr . OR expr  (60)
	expr : expr . IS expr  (61)
	expr : expr . ISNT expr  (62)
	expr : expr . LT expr  (63)
	expr : expr . LEQ expr  (64)
	expr : expr . GT expr  (65)
	expr : expr . GEQ expr  (66)
	expr : expr . PLUSPLUS  (67)
	expr : expr . MINUSMINUS  (68)
	expr : expr . SHARP  (69)
	expr : expr . FLAT  (70)
	expr : expr . RAISE  (71)
	expr : expr . LOWER  (72)

	PLUSEQ  shift 63
	MINUSEQ  shift 64
	TIMESEQ  shift 65
	DIVIDEEQ  shift 66
	MOD  shift 67
	AND  shift 68
	OR  shift 69
	MODEQ  shift 70
	PLUS  shift 71
	MINUS  shift 72
	TIMES  shift 73
	DIVIDE  shift 74
	IS  shift 75
	ISNT  shift 76
	LT  shift 77
	LEQ  shift 78
	GT  shift 79
	GEQ  shift 80
	PLUSPLUS  shift 81
	MINUSMINUS  shift 82
	SHARP  shift 83
	FLAT  shift 84
	RAISE  shift 85
	LOWER  shift 86
	SEMICOLON  reduce 37


state 62
	statement : RETURN expr_opt . SEMICOLON  (24)

	SEMICOLON  shift 103
	.  error


state 63
	expr : expr PLUSEQ . expr  (49)

	INTLITERAL  shift 32
	DURATIONINT  shift 33
	DURATIONCONST  shift 34
	NOTECONST  shift 35
	BOOLLITERAL  shift 36
	ID  shift 37
	LEFTPAREN  shift 38
	LBRAC  shift 40
	.  error

	expr  goto 104
	duration_expr  goto 48


state 64
	expr : expr MINUSEQ . expr  (50)

	INTLITERAL  shift 32
	DURATIONINT  shift 33
	DURATIONCONST  shift 34
	NOTECONST  shift 35
	BOOLLITERAL  shift 36
	ID  shift 37
	LEFTPAREN  shift 38
	LBRAC  shift 40
	.  error

	expr  goto 105
	duration_expr  goto 48


state 65
	expr : expr TIMESEQ . expr  (51)

	INTLITERAL  shift 32
	DURATIONINT  shift 33
	DURATIONCONST  shift 34
	NOTECONST  shift 35
	BOOLLITERAL  shift 36
	ID  shift 37
	LEFTPAREN  shift 38
	LBRAC  shift 40
	.  error

	expr  goto 106
	duration_expr  goto 48


state 66
	expr : expr DIVIDEEQ . expr  (52)

	INTLITERAL  shift 32
	DURATIONINT  shift 33
	DURATIONCONST  shift 34
	NOTECONST  shift 35
	BOOLLITERAL  shift 36
	ID  shift 37
	LEFTPAREN  shift 38
	LBRAC  shift 40
	.  error

	expr  goto 107
	duration_expr  goto 48


state 67
	expr : expr MOD . expr  (58)

	INTLITERAL  shift 32
	DURATIONINT  shift 33
	DURATIONCONST  shift 34
	NOTECONST  shift 35
	BOOLLITERAL  shift 36
	ID  shift 37
	LEFTPAREN  shift 38
	LBRAC  shift 40
	.  error

	expr  goto 108
	duration_expr  goto 48


state 68
	expr : expr AND . expr  (59)

	INTLITERAL  shift 32
	DURATIONINT  shift 33
	DURATIONCONST  shift 34
	NOTECONST  shift 35
	BOOLLITERAL  shift 36
	ID  shift 37
	LEFTPAREN  shift 38
	LBRAC  shift 40
	.  error

	expr  goto 109
	duration_expr  goto 48


state 69
	expr : expr OR . expr  (60)

	INTLITERAL  shift 32
	DURATIONINT  shift 33
	DURATIONCONST  shift 34
	NOTECONST  shift 35
	BOOLLITERAL  shift 36
	ID  shift 37
	LEFTPAREN  shift 38
	LBRAC  shift 40
	.  error

	expr  goto 110
	duration_expr  goto 48


state 70
	expr : expr MODEQ . expr  (53)

	INTLITERAL  shift 32
	DURATIONINT  shift 33
	DURATIONCONST  shift 34
	NOTECONST  shift 35
	BOOLLITERAL  shift 36
	ID  shift 37
	LEFTPAREN  shift 38
	LBRAC  shift 40
	.  error

	expr  goto 111
	duration_expr  goto 48


state 71
	expr : expr PLUS . expr  (54)

	INTLITERAL  shift 32
	DURATIONINT  shift 33
	DURATIONCONST  shift 34
	NOTECONST  shift 35
	BOOLLITERAL  shift 36
	ID  shift 37
	LEFTPAREN  shift 38
	LBRAC  shift 40
	.  error

	expr  goto 112
	duration_expr  goto 48


state 72
	expr : expr MINUS . expr  (55)

	INTLITERAL  shift 32
	DURATIONINT  shift 33
	DURATIONCONST  shift 34
	NOTECONST  shift 35
	BOOLLITERAL  shift 36
	ID  shift 37
	LEFTPAREN  shift 38
	LBRAC  shift 40
	.  error

	expr  goto 113
	duration_expr  goto 48


state 73
	expr : expr TIMES . expr  (56)

	INTLITERAL  shift 32
	DURATIONINT  shift 33
	DURATIONCONST  shift 34
	NOTECONST  shift 35
	BOOLLITERAL  shift 36
	ID  shift 37
	LEFTPAREN  shift 38
	LBRAC  shift 40
	.  error

	expr  goto 114
	duration_expr  goto 48


state 74
	expr : expr DIVIDE . expr  (57)

	INTLITERAL  shift 32
	DURATIONINT  shift 33
	DURATIONCONST  shift 34
	NOTECONST  shift 35
	BOOLLITERAL  shift 36
	ID  shift 37
	LEFTPAREN  shift 38
	LBRAC  shift 40
	.  error

	expr  goto 115
	duration_expr  goto 48


state 75
	expr : expr IS . expr  (61)

	INTLITERAL  shift 32
	DURATIONINT  shift 33
	DURATIONCONST  shift 34
	NOTECONST  shift 35
	BOOLLITERAL  shift 36
	ID  shift 37
	LEFTPAREN  shift 38
	LBRAC  shift 40
	.  error

	expr  goto 116
	duration_expr  goto 48


state 76
	expr : expr ISNT . expr  (62)

	INTLITERAL  shift 32
	DURATIONINT  shift 33
	DURATIONCONST  shift 34
	NOTECONST  shift 35
	BOOLLITERAL  shift 36
	ID  shift 37
	LEFTPAREN  shift 38
	LBRAC  shift 40
	.  error

	expr  goto 117
	duration_expr  goto 48


state 77
	expr : expr LT . expr  (63)

	INTLITERAL  shift 32
	DURATIONINT  shift 33
	DURATIONCONST  shift 34
	NOTECONST  shift 35
	BOOLLITERAL  shift 36
	ID  shift 37
	LEFTPAREN  shift 38
	LBRAC  shift 40
	.  error

	expr  goto 118
	duration_expr  goto 48


state 78
	expr : expr LEQ . expr  (64)

	INTLITERAL  shift 32
	DURATIONINT  shift 33
	DURATIONCONST  shift 34
	NOTECONST  shift 35
	BOOLLITERAL  shift 36
	ID  shift 37
	LEFTPAREN  shift 38
	LBRAC  shift 40
	.  error

	expr  goto 119
	duration_expr  goto 48


state 79
	expr : expr GT . expr  (65)

	INTLITERAL  shift 32
	DURATIONINT  shift 33
	DURATIONCONST  shift 34
	NOTECONST  shift 35
	BOOLLITERAL  shift 36
	ID  shift 37
	LEFTPAREN  shift 38
	LBRAC  shift 40
	.  error

	expr  goto 120
	duration_expr  goto 48


state 80
	expr : expr GEQ . expr  (66)

	INTLITERAL  shift 32
	DURATIONINT  shift 33
	DURATIONCONST  shift 34
	NOTECONST  shift 35
	BOOLLITERAL  shift 36
	ID  shift 37
	LEFTPAREN  shift 38
	LBRAC  shift 40
	.  error

	expr  goto 121
	duration_expr  goto 48


state 81
	expr : expr PLUSPLUS .  (67)

	.  reduce 67


state 82
	expr : expr MINUSMINUS .  (68)

	.  reduce 68


state 83
	expr : expr SHARP .  (69)

	.  reduce 69


state 84
	expr : expr FLAT .  (70)

	.  reduce 70


state 85
	expr : expr RAISE .  (71)

	.  reduce 71


state 86
	expr : expr LOWER .  (72)

	.  reduce 72


state 87
	statement : expr SEMICOLON .  (23)

	.  reduce 23


state 88
	expr : expr . PLUSEQ expr  (49)
	expr : expr . MINUSEQ expr  (50)
	expr : expr . TIMESEQ expr  (51)
	expr : expr . DIVIDEEQ expr  (52)
	expr : expr . MODEQ expr  (53)
	expr : expr . PLUS expr  (54)
	expr : expr . MINUS expr  (55)
	expr : expr . TIMES expr  (56)
	expr : expr . DIVIDE expr  (57)
	expr : expr . MOD expr  (58)
	expr : expr . AND expr  (59)
	expr : expr . OR expr  (60)
	expr : expr . IS expr  (61)
	expr : expr . ISNT expr  (62)
	expr : expr . LT expr  (63)
	expr : expr . LEQ expr  (64)
	expr : expr . GT expr  (65)
	expr : expr . GEQ expr  (66)
	expr : expr . PLUSPLUS  (67)
	expr : expr . MINUSMINUS  (68)
	expr : expr . SHARP  (69)
	expr : expr . FLAT  (70)
	expr : expr . RAISE  (71)
	expr : expr . LOWER  (72)
	actuals_list : expr .  (77)

	PLUSEQ  shift 63
	MINUSEQ  shift 64
	TIMESEQ  shift 65
	DIVIDEEQ  shift 66
	MOD  shift 67
	AND  shift 68
	OR  shift 69
	MODEQ  shift 70
	PLUS  shift 71
	MINUS  shift 72
	TIMES  shift 73
	DIVIDE  shift 74
	IS  shift 75
	ISNT  shift 76
	LT  shift 77
	LEQ  shift 78
	GT  shift 79
	GEQ  shift 80
	PLUSPLUS  shift 81
	MINUSMINUS  shift 82
	SHARP  shift 83
	FLAT  shift 84
	RAISE  shift 85
	LOWER  shift 86
	RIGHTPAREN  reduce 77
	COMMA  reduce 77


state 89
	expr : ID LEFTPAREN actuals_opt . RIGHTPAREN  (74)

	RIGHTPAREN  shift 122
	.  error


state 90
	actuals_opt : actuals_list .  (76)
	actuals_list : actuals_list . COMMA expr  (78)

	COMMA  shift 123
	RIGHTPAREN  reduce 76


state 91
	expr : ID LBRAC expr . RBRAC  (43)
	expr : expr . PLUSEQ expr  (49)
	expr : expr . MINUSEQ expr  (50)
	expr : expr . TIMESEQ expr  (51)
	expr : expr . DIVIDEEQ expr  (52)
	expr : expr . MODEQ expr  (53)
	expr : expr . PLUS expr  (54)
	expr : expr . MINUS expr  (55)
	expr : expr . TIMES expr  (56)
	expr : expr . DIVIDE expr  (57)
	expr : expr . MOD expr  (58)
	expr : expr . AND expr  (59)
	expr : expr . OR expr  (60)
	expr : expr . IS expr  (61)
	expr : expr . ISNT expr  (62)
	expr : expr . LT expr  (63)
	expr : expr . LEQ expr  (64)
	expr : expr . GT expr  (65)
	expr : expr . GEQ expr  (66)
	expr : expr . PLUSPLUS  (67)
	expr : expr . MINUSMINUS  (68)
	expr : expr . SHARP  (69)
	expr : expr . FLAT  (70)
	expr : expr . RAISE  (71)
	expr : expr . LOWER  (72)

	RBRAC  shift 124
	PLUSEQ  shift 63
	MINUSEQ  shift 64
	TIMESEQ  shift 65
	DIVIDEEQ  shift 66
	MOD  shift 67
	AND  shift 68
	OR  shift 69
	MODEQ  shift 70
	PLUS  shift 71
	MINUS  shift 72
	TIMES  shift 73
	DIVIDE  shift 74
	IS  shift 75
	ISNT  shift 76
	LT  shift 77
	LEQ  shift 78
	GT  shift 79
	GEQ  shift 80
	PLUSPLUS  shift 81
	MINUSMINUS  shift 82
	SHARP  shift 83
	FLAT  shift 84
	RAISE  shift 85
	LOWER  shift 86
	.  error


state 92
	expr : ID ASSIGN expr .  (48)
	expr : expr . PLUSEQ expr  (49)
	expr : expr . MINUSEQ expr  (50)
	expr : expr . TIMESEQ expr  (51)
	expr : expr . DIVIDEEQ expr  (52)
	expr : expr . MODEQ expr  (53)
	expr : expr . PLUS expr  (54)
	expr : expr . MINUS expr  (55)
	expr : expr . TIMES expr  (56)
	expr : expr . DIVIDE expr  (57)
	expr : expr . MOD expr  (58)
	expr : expr . AND expr  (59)
	expr : expr . OR expr  (60)
	expr : expr . IS expr  (61)
	expr : expr . ISNT expr  (62)
	expr : expr . LT expr  (63)
	expr : expr . LEQ expr  (64)
	expr : expr . GT expr  (65)
	expr : expr . GEQ expr  (66)
	expr : expr . PLUSPLUS  (67)
	expr : expr . MINUSMINUS  (68)
	expr : expr . SHARP  (69)
	expr : expr . FLAT  (70)
	expr : expr . RAISE  (71)
	expr : expr . LOWER  (72)

	MOD  shift 67
	AND  shift 68
	OR  shift 69
	PLUS  shift 71
	MINUS  shift 72
	TIMES  shift 73
	DIVIDE  shift 74
	IS  shift 75
	ISNT  shift 76
	LT  shift 77
	LEQ  shift 78
	GT  shift 79
	GEQ  shift 80
	PLUSPLUS  shift 81
	MINUSMINUS  shift 82
	SHARP  shift 83
	FLAT  shift 84
	RAISE  shift 85
	LOWER  shift 86
	RIGHTPAREN  reduce 48
	RBRAC  reduce 48
	PLUSEQ  reduce 48
	MINUSEQ  reduce 48
	TIMESEQ  reduce 48
	DIVIDEEQ  reduce 48
	MODEQ  reduce 48
	SEMICOLON  reduce 48
	COMMA  reduce 48


state 93
	expr : ID DOT ID .  (39)

	.  reduce 39


state 94
	expr : LEFTPAREN NOTECONST COMMA . OCTAVE COMMA duration_expr RIGHTPAREN  (45)

	OCTAVE  shift 125
	.  error


state 95
	generic_list : generic_list . COMMA expr  (35)
	expr : LEFTPAREN LBRAC generic_list . RBRAC COMMA duration_expr RIGHTPAREN  (46)
	expr : LBRAC generic_list . RBRAC  (47)

	RBRAC  shift 126
	COMMA  shift 99
	.  error


state 96
	expr : LEFTPAREN expr RIGHTPAREN .  (73)

	.  reduce 73


state 97
	statement : RIGHTPAREN statement_list END .  (25)

	.  reduce 25


state 98
	expr : LBRAC generic_list RBRAC .  (47)

	.  reduce 47


state 99
	generic_list : generic_list COMMA . expr  (35)

	INTLITERAL  shift 32
	DURATIONINT  shift 33
	DURATIONCONST  shift 34
	NOTECONST  shift 35
	BOOLLITERAL  shift 36
	ID  shift 37
	LEFTPAREN  shift 38
	LBRAC  shift 40
	.  error

	expr  goto 127
	duration_expr  goto 48


state 100
	statement : IF LEFTPAREN expr . RIGHTPAREN statement_list elsif_statement END  (26)
	statement : IF LEFTPAREN expr . RIGHTPAREN statement_list elsif_statement ELSE statement_list END  (27)
	expr : expr . PLUSEQ expr  (49)
	expr : expr . MINUSEQ expr  (50)
	expr : expr . TIMESEQ expr  (51)
	expr : expr . DIVIDEEQ expr  (52)
	expr : expr . MODEQ expr  (53)
	expr : expr . PLUS expr  (54)
	expr : expr . MINUS expr  (55)
	expr : expr . TIMES expr  (56)
	expr : expr . DIVIDE expr  (57)
	expr : expr . MOD expr  (58)
	expr : expr . AND expr  (59)
	expr : expr . OR expr  (60)
	expr : expr . IS expr  (61)
	expr : expr . ISNT expr  (62)
	expr : expr . LT expr  (63)
	expr : expr . LEQ expr  (64)
	expr : expr . GT expr  (65)
	expr : expr . GEQ expr  (66)
	expr : expr . PLUSPLUS  (67)
	expr : expr . MINUSMINUS  (68)
	expr : expr . SHARP  (69)
	expr : expr . FLAT  (70)
	expr : expr . RAISE  (71)
	expr : expr . LOWER  (72)

	RIGHTPAREN  shift 128
	PLUSEQ  shift 63
	MINUSEQ  shift 64
	TIMESEQ  shift 65
	DIVIDEEQ  shift 66
	MOD  shift 67
	AND  shift 68
	OR  shift 69
	MODEQ  shift 70
	PLUS  shift 71
	MINUS  shift 72
	TIMES  shift 73
	DIVIDE  shift 74
	IS  shift 75
	ISNT  shift 76
	LT  shift 77
	LEQ  shift 78
	GT  shift 79
	GEQ  shift 80
	PLUSPLUS  shift 81
	MINUSMINUS  shift 82
	SHARP  shift 83
	FLAT  shift 84
	RAISE  shift 85
	LOWER  shift 86
	.  error


state 101
	statement : WHILE LEFTPAREN expr . RIGHTPAREN statement_list END  (28)
	expr : expr . PLUSEQ expr  (49)
	expr : expr . MINUSEQ expr  (50)
	expr : expr . TIMESEQ expr  (51)
	expr : expr . DIVIDEEQ expr  (52)
	expr : expr . MODEQ expr  (53)
	expr : expr . PLUS expr  (54)
	expr : expr . MINUS expr  (55)
	expr : expr . TIMES expr  (56)
	expr : expr . DIVIDE expr  (57)
	expr : expr . MOD expr  (58)
	expr : expr . AND expr  (59)
	expr : expr . OR expr  (60)
	expr : expr . IS expr  (61)
	expr : expr . ISNT expr  (62)
	expr : expr . LT expr  (63)
	expr : expr . LEQ expr  (64)
	expr : expr . GT expr  (65)
	expr : expr . GEQ expr  (66)
	expr : expr . PLUSPLUS  (67)
	expr : expr . MINUSMINUS  (68)
	expr : expr . SHARP  (69)
	expr : expr . FLAT  (70)
	expr : expr . RAISE  (71)
	expr : expr . LOWER  (72)

	RIGHTPAREN  shift 129
	PLUSEQ  shift 63
	MINUSEQ  shift 64
	TIMESEQ  shift 65
	DIVIDEEQ  shift 66
	MOD  shift 67
	AND  shift 68
	OR  shift 69
	MODEQ  shift 70
	PLUS  shift 71
	MINUS  shift 72
	TIMES  shift 73
	DIVIDE  shift 74
	IS  shift 75
	ISNT  shift 76
	LT  shift 77
	LEQ  shift 78
	GT  shift 79
	GEQ  shift 80
	PLUSPLUS  shift 81
	MINUSMINUS  shift 82
	SHARP  shift 83
	FLAT  shift 84
	RAISE  shift 85
	LOWER  shift 86
	.  error


state 102
	statement : FOREACH LEFTPAREN param_decl . IN ID RIGHTPAREN statement_list END  (29)

	IN  shift 130
	.  error


state 103
	statement : RETURN expr_opt SEMICOLON .  (24)

	.  reduce 24


state 104
	expr : expr . PLUSEQ expr  (49)
	expr : expr PLUSEQ expr .  (49)
	expr : expr . MINUSEQ expr  (50)
	expr : expr . TIMESEQ expr  (51)
	expr : expr . DIVIDEEQ expr  (52)
	expr : expr . MODEQ expr  (53)
	expr : expr . PLUS expr  (54)
	expr : expr . MINUS expr  (55)
	expr : expr . TIMES expr  (56)
	expr : expr . DIVIDE expr  (57)
	expr : expr . MOD expr  (58)
	expr : expr . AND expr  (59)
	expr : expr . OR expr  (60)
	expr : expr . IS expr  (61)
	expr : expr . ISNT expr  (62)
	expr : expr . LT expr  (63)
	expr : expr . LEQ expr  (64)
	expr : expr . GT expr  (65)
	expr : expr . GEQ expr  (66)
	expr : expr . PLUSPLUS  (67)
	expr : expr . MINUSMINUS  (68)
	expr : expr . SHARP  (69)
	expr : expr . FLAT  (70)
	expr : expr . RAISE  (71)
	expr : expr . LOWER  (72)

	TIMESEQ  shift 65
	DIVIDEEQ  shift 66
	MOD  shift 67
	AND  shift 68
	OR  shift 69
	MODEQ  shift 70
	PLUS  shift 71
	MINUS  shift 72
	TIMES  shift 73
	DIVIDE  shift 74
	IS  shift 75
	ISNT  shift 76
	LT  shift 77
	LEQ  shift 78
	GT  shift 79
	GEQ  shift 80
	PLUSPLUS  shift 81
	MINUSMINUS  shift 82
	SHARP  shift 83
	FLAT  shift 84
	RAISE  shift 85
	LOWER  shift 86
	RIGHTPAREN  reduce 49
	RBRAC  reduce 49
	PLUSEQ  reduce 49
	MINUSEQ  reduce 49
	SEMICOLON  reduce 49
	COMMA  reduce 49


state 105
	expr : expr . PLUSEQ expr  (49)
	expr : expr . MINUSEQ expr  (50)
	expr : expr MINUSEQ expr .  (50)
	expr : expr . TIMESEQ expr  (51)
	expr : expr . DIVIDEEQ expr  (52)
	expr : expr . MODEQ expr  (53)
	expr : expr . PLUS expr  (54)
	expr : expr . MINUS expr  (55)
	expr : expr . TIMES expr  (56)
	expr : expr . DIVIDE expr  (57)
	expr : expr . MOD expr  (58)
	expr : expr . AND expr  (59)
	expr : expr . OR expr  (60)
	expr : expr . IS expr  (61)
	expr : expr . ISNT expr  (62)
	expr : expr . LT expr  (63)
	expr : expr . LEQ expr  (64)
	expr : expr . GT expr  (65)
	expr : expr . GEQ expr  (66)
	expr : expr . PLUSPLUS  (67)
	expr : expr . MINUSMINUS  (68)
	expr : expr . SHARP  (69)
	expr : expr . FLAT  (70)
	expr : expr . RAISE  (71)
	expr : expr . LOWER  (72)

	TIMESEQ  shift 65
	DIVIDEEQ  shift 66
	MOD  shift 67
	AND  shift 68
	OR  shift 69
	MODEQ  shift 70
	PLUS  shift 71
	MINUS  shift 72
	TIMES  shift 73
	DIVIDE  shift 74
	IS  shift 75
	ISNT  shift 76
	LT  shift 77
	LEQ  shift 78
	GT  shift 79
	GEQ  shift 80
	PLUSPLUS  shift 81
	MINUSMINUS  shift 82
	SHARP  shift 83
	FLAT  shift 84
	RAISE  shift 85
	LOWER  shift 86
	RIGHTPAREN  reduce 50
	RBRAC  reduce 50
	PLUSEQ  reduce 50
	MINUSEQ  reduce 50
	SEMICOLON  reduce 50
	COMMA  reduce 50


state 106
	expr : expr . PLUSEQ expr  (49)
	expr : expr . MINUSEQ expr  (50)
	expr : expr . TIMESEQ expr  (51)
	expr : expr TIMESEQ expr .  (51)
	expr : expr . DIVIDEEQ expr  (52)
	expr : expr . MODEQ expr  (53)
	expr : expr . PLUS expr  (54)
	expr : expr . MINUS expr  (55)
	expr : expr . TIMES expr  (56)
	expr : expr . DIVIDE expr  (57)
	expr : expr . MOD expr  (58)
	expr : expr . AND expr  (59)
	expr : expr . OR expr  (60)
	expr : expr . IS expr  (61)
	expr : expr . ISNT expr  (62)
	expr : expr . LT expr  (63)
	expr : expr . LEQ expr  (64)
	expr : expr . GT expr  (65)
	expr : expr . GEQ expr  (66)
	expr : expr . PLUSPLUS  (67)
	expr : expr . MINUSMINUS  (68)
	expr : expr . SHARP  (69)
	expr : expr . FLAT  (70)
	expr : expr . RAISE  (71)
	expr : expr . LOWER  (72)

	MOD  shift 67
	AND  shift 68
	OR  shift 69
	PLUS  shift 71
	MINUS  shift 72
	TIMES  shift 73
	DIVIDE  shift 74
	IS  shift 75
	ISNT  shift 76
	LT  shift 77
	LEQ  shift 78
	GT  shift 79
	GEQ  shift 80
	PLUSPLUS  shift 81
	MINUSMINUS  shift 82
	SHARP  shift 83
	FLAT  shift 84
	RAISE  shift 85
	LOWER  shift 86
	RIGHTPAREN  reduce 51
	RBRAC  reduce 51
	PLUSEQ  reduce 51
	MINUSEQ  reduce 51
	TIMESEQ  reduce 51
	DIVIDEEQ  reduce 51
	MODEQ  reduce 51
	SEMICOLON  reduce 51
	COMMA  reduce 51


state 107
	expr : expr . PLUSEQ expr  (49)
	expr : expr . MINUSEQ expr  (50)
	expr : expr . TIMESEQ expr  (51)
	expr : expr . DIVIDEEQ expr  (52)
	expr : expr DIVIDEEQ expr .  (52)
	expr : expr . MODEQ expr  (53)
	expr : expr . PLUS expr  (54)
	expr : expr . MINUS expr  (55)
	expr : expr . TIMES expr  (56)
	expr : expr . DIVIDE expr  (57)
	expr : expr . MOD expr  (58)
	expr : expr . AND expr  (59)
	expr : expr . OR expr  (60)
	expr : expr . IS expr  (61)
	expr : expr . ISNT expr  (62)
	expr : expr . LT expr  (63)
	expr : expr . LEQ expr  (64)
	expr : expr . GT expr  (65)
	expr : expr . GEQ expr  (66)
	expr : expr . PLUSPLUS  (67)
	expr : expr . MINUSMINUS  (68)
	expr : expr . SHARP  (69)
	expr : expr . FLAT  (70)
	expr : expr . RAISE  (71)
	expr : expr . LOWER  (72)

	MOD  shift 67
	AND  shift 68
	OR  shift 69
	PLUS  shift 71
	MINUS  shift 72
	TIMES  shift 73
	DIVIDE  shift 74
	IS  shift 75
	ISNT  shift 76
	LT  shift 77
	LEQ  shift 78
	GT  shift 79
	GEQ  shift 80
	PLUSPLUS  shift 81
	MINUSMINUS  shift 82
	SHARP  shift 83
	FLAT  shift 84
	RAISE  shift 85
	LOWER  shift 86
	RIGHTPAREN  reduce 52
	RBRAC  reduce 52
	PLUSEQ  reduce 52
	MINUSEQ  reduce 52
	TIMESEQ  reduce 52
	DIVIDEEQ  reduce 52
	MODEQ  reduce 52
	SEMICOLON  reduce 52
	COMMA  reduce 52


state 108
	expr : expr . PLUSEQ expr  (49)
	expr : expr . MINUSEQ expr  (50)
	expr : expr . TIMESEQ expr  (51)
	expr : expr . DIVIDEEQ expr  (52)
	expr : expr . MODEQ expr  (53)
	expr : expr . PLUS expr  (54)
	expr : expr . MINUS expr  (55)
	expr : expr . TIMES expr  (56)
	expr : expr . DIVIDE expr  (57)
	expr : expr . MOD expr  (58)
	expr : expr MOD expr .  (58)
	expr : expr . AND expr  (59)
	expr : expr . OR expr  (60)
	expr : expr . IS expr  (61)
	expr : expr . ISNT expr  (62)
	expr : expr . LT expr  (63)
	expr : expr . LEQ expr  (64)
	expr : expr . GT expr  (65)
	expr : expr . GEQ expr  (66)
	expr : expr . PLUSPLUS  (67)
	expr : expr . MINUSMINUS  (68)
	expr : expr . SHARP  (69)
	expr : expr . FLAT  (70)
	expr : expr . RAISE  (71)
	expr : expr . LOWER  (72)

	PLUSPLUS  shift 81
	MINUSMINUS  shift 82
	SHARP  shift 83
	FLAT  shift 84
	RAISE  shift 85
	LOWER  shift 86
	RIGHTPAREN  reduce 58
	RBRAC  reduce 58
	PLUSEQ  reduce 58
	MINUSEQ  reduce 58
	TIMESEQ  reduce 58
	DIVIDEEQ  reduce 58
	MOD  reduce 58
	AND  reduce 58
	OR  reduce 58
	MODEQ  reduce 58
	PLUS  reduce 58
	MINUS  reduce 58
	TIMES  reduce 58
	DIVIDE  reduce 58
	IS  reduce 58
	ISNT  reduce 58
	LT  reduce 58
	LEQ  reduce 58
	GT  reduce 58
	GEQ  reduce 58
	SEMICOLON  reduce 58
	COMMA  reduce 58


state 109
	expr : expr . PLUSEQ expr  (49)
	expr : expr . MINUSEQ expr  (50)
	expr : expr . TIMESEQ expr  (51)
	expr : expr . DIVIDEEQ expr  (52)
	expr : expr . MODEQ expr  (53)
	expr : expr . PLUS expr  (54)
	expr : expr . MINUS expr  (55)
	expr : expr . TIMES expr  (56)
	expr : expr . DIVIDE expr  (57)
	expr : expr . MOD expr  (58)
	expr : expr . AND expr  (59)
	expr : expr AND expr .  (59)
	expr : expr . OR expr  (60)
	expr : expr . IS expr  (61)
	expr : expr . ISNT expr  (62)
	expr : expr . LT expr  (63)
	expr : expr . LEQ expr  (64)
	expr : expr . GT expr  (65)
	expr : expr . GEQ expr  (66)
	expr : expr . PLUSPLUS  (67)
	expr : expr . MINUSMINUS  (68)
	expr : expr . SHARP  (69)
	expr : expr . FLAT  (70)
	expr : expr . RAISE  (71)
	expr : expr . LOWER  (72)

	MOD  shift 67
	PLUS  shift 71
	MINUS  shift 72
	TIMES  shift 73
	DIVIDE  shift 74
	IS  shift 75
	ISNT  shift 76
	LT  shift 77
	LEQ  shift 78
	GT  shift 79
	GEQ  shift 80
	PLUSPLUS  shift 81
	MINUSMINUS  shift 82
	SHARP  shift 83
	FLAT  shift 84
	RAISE  shift 85
	LOWER  shift 86
	RIGHTPAREN  reduce 59
	RBRAC  reduce 59
	PLUSEQ  reduce 59
	MINUSEQ  reduce 59
	TIMESEQ  reduce 59
	DIVIDEEQ  reduce 59
	AND  reduce 59
	OR  reduce 59
	MODEQ  reduce 59
	SEMICOLON  reduce 59
	COMMA  reduce 59


state 110
	expr : expr . PLUSEQ expr  (49)
	expr : expr . MINUSEQ expr  (50)
	expr : expr . TIMESEQ expr  (51)
	expr : expr . DIVIDEEQ expr  (52)
	expr : expr . MODEQ expr  (53)
	expr : expr . PLUS expr  (54)
	expr : expr . MINUS expr  (55)
	expr : expr . TIMES expr  (56)
	expr : expr . DIVIDE expr  (57)
	expr : expr . MOD expr  (58)
	expr : expr . AND expr  (59)
	expr : expr . OR expr  (60)
	expr : expr OR expr .  (60)
	expr : expr . IS expr  (61)
	expr : expr . ISNT expr  (62)
	expr : expr . LT expr  (63)
	expr : expr . LEQ expr  (64)
	expr : expr . GT expr  (65)
	expr : expr . GEQ expr  (66)
	expr : expr . PLUSPLUS  (67)
	expr : expr . MINUSMINUS  (68)
	expr : expr . SHARP  (69)
	expr : expr . FLAT  (70)
	expr : expr . RAISE  (71)
	expr : expr . LOWER  (72)

	MOD  shift 67
	AND  shift 68
	PLUS  shift 71
	MINUS  shift 72
	TIMES  shift 73
	DIVIDE  shift 74
	IS  shift 75
	ISNT  shift 76
	LT  shift 77
	LEQ  shift 78
	GT  shift 79
	GEQ  shift 80
	PLUSPLUS  shift 81
	MINUSMINUS  shift 82
	SHARP  shift 83
	FLAT  shift 84
	RAISE  shift 85
	LOWER  shift 86
	RIGHTPAREN  reduce 60
	RBRAC  reduce 60
	PLUSEQ  reduce 60
	MINUSEQ  reduce 60
	TIMESEQ  reduce 60
	DIVIDEEQ  reduce 60
	OR  reduce 60
	MODEQ  reduce 60
	SEMICOLON  reduce 60
	COMMA  reduce 60


state 111
	expr : expr . PLUSEQ expr  (49)
	expr : expr . MINUSEQ expr  (50)
	expr : expr . TIMESEQ expr  (51)
	expr : expr . DIVIDEEQ expr  (52)
	expr : expr . MODEQ expr  (53)
	expr : expr MODEQ expr .  (53)
	expr : expr . PLUS expr  (54)
	expr : expr . MINUS expr  (55)
	expr : expr . TIMES expr  (56)
	expr : expr . DIVIDE expr  (57)
	expr : expr . MOD expr  (58)
	expr : expr . AND expr  (59)
	expr : expr . OR expr  (60)
	expr : expr . IS expr  (61)
	expr : expr . ISNT expr  (62)
	expr : expr . LT expr  (63)
	expr : expr . LEQ expr  (64)
	expr : expr . GT expr  (65)
	expr : expr . GEQ expr  (66)
	expr : expr . PLUSPLUS  (67)
	expr : expr . MINUSMINUS  (68)
	expr : expr . SHARP  (69)
	expr : expr . FLAT  (70)
	expr : expr . RAISE  (71)
	expr : expr . LOWER  (72)

	MOD  shift 67
	AND  shift 68
	OR  shift 69
	PLUS  shift 71
	MINUS  shift 72
	TIMES  shift 73
	DIVIDE  shift 74
	IS  shift 75
	ISNT  shift 76
	LT  shift 77
	LEQ  shift 78
	GT  shift 79
	GEQ  shift 80
	PLUSPLUS  shift 81
	MINUSMINUS  shift 82
	SHARP  shift 83
	FLAT  shift 84
	RAISE  shift 85
	LOWER  shift 86
	RIGHTPAREN  reduce 53
	RBRAC  reduce 53
	PLUSEQ  reduce 53
	MINUSEQ  reduce 53
	TIMESEQ  reduce 53
	DIVIDEEQ  reduce 53
	MODEQ  reduce 53
	SEMICOLON  reduce 53
	COMMA  reduce 53


state 112
	expr : expr . PLUSEQ expr  (49)
	expr : expr . MINUSEQ expr  (50)
	expr : expr . TIMESEQ expr  (51)
	expr : expr . DIVIDEEQ expr  (52)
	expr : expr . MODEQ expr  (53)
	expr : expr . PLUS expr  (54)
	expr : expr PLUS expr .  (54)
	expr : expr . MINUS expr  (55)
	expr : expr . TIMES expr  (56)
	expr : expr . DIVIDE expr  (57)
	expr : expr . MOD expr  (58)
	expr : expr . AND expr  (59)
	expr : expr . OR expr  (60)
	expr : expr . IS expr  (61)
	expr : expr . ISNT expr  (62)
	expr : expr . LT expr  (63)
	expr : expr . LEQ expr  (64)
	expr : expr . GT expr  (65)
	expr : expr . GEQ expr  (66)
	expr : expr . PLUSPLUS  (67)
	expr : expr . MINUSMINUS  (68)
	expr : expr . SHARP  (69)
	expr : expr . FLAT  (70)
	expr : expr . RAISE  (71)
	expr : expr . LOWER  (72)

	MOD  shift 67
	TIMES  shift 73
	DIVIDE  shift 74
	PLUSPLUS  shift 81
	MINUSMINUS  shift 82
	SHARP  shift 83
	FLAT  shift 84
	RAISE  shift 85
	LOWER  shift 86
	RIGHTPAREN  reduce 54
	RBRAC  reduce 54
	PLUSEQ  reduce 54
	MINUSEQ  reduce 54
	TIMESEQ  reduce 54
	DIVIDEEQ  reduce 54
	AND  reduce 54
	OR  reduce 54
	MODEQ  reduce 54
	PLUS  reduce 54
	MINUS  reduce 54
	IS  reduce 54
	ISNT  reduce 54
	LT  reduce 54
	LEQ  reduce 54
	GT  reduce 54
	GEQ  reduce 54
	SEMICOLON  reduce 54
	COMMA  reduce 54


state 113
	expr : expr . PLUSEQ expr  (49)
	expr : expr . MINUSEQ expr  (50)
	expr : expr . TIMESEQ expr  (51)
	expr : expr . DIVIDEEQ expr  (52)
	expr : expr . MODEQ expr  (53)
	expr : expr . PLUS expr  (54)
	expr : expr . MINUS expr  (55)
	expr : expr MINUS expr .  (55)
	expr : expr . TIMES expr  (56)
	expr : expr . DIVIDE expr  (57)
	expr : expr . MOD expr  (58)
	expr : expr . AND expr  (59)
	expr : expr . OR expr  (60)
	expr : expr . IS expr  (61)
	expr : expr . ISNT expr  (62)
	expr : expr . LT expr  (63)
	expr : expr . LEQ expr  (64)
	expr : expr . GT expr  (65)
	expr : expr . GEQ expr  (66)
	expr : expr . PLUSPLUS  (67)
	expr : expr . MINUSMINUS  (68)
	expr : expr . SHARP  (69)
	expr : expr . FLAT  (70)
	expr : expr . RAISE  (71)
	expr : expr . LOWER  (72)

	MOD  shift 67
	TIMES  shift 73
	DIVIDE  shift 74
	PLUSPLUS  shift 81
	MINUSMINUS  shift 82
	SHARP  shift 83
	FLAT  shift 84
	RAISE  shift 85
	LOWER  shift 86
	RIGHTPAREN  reduce 55
	RBRAC  reduce 55
	PLUSEQ  reduce 55
	MINUSEQ  reduce 55
	TIMESEQ  reduce 55
	DIVIDEEQ  reduce 55
	AND  reduce 55
	OR  reduce 55
	MODEQ  reduce 55
	PLUS  reduce 55
	MINUS  reduce 55
	IS  reduce 55
	ISNT  reduce 55
	LT  reduce 55
	LEQ  reduce 55
	GT  reduce 55
	GEQ  reduce 55
	SEMICOLON  reduce 55
	COMMA  reduce 55


state 114
	expr : expr . PLUSEQ expr  (49)
	expr : expr . MINUSEQ expr  (50)
	expr : expr . TIMESEQ expr  (51)
	expr : expr . DIVIDEEQ expr  (52)
	expr : expr . MODEQ expr  (53)
	expr : expr . PLUS expr  (54)
	expr : expr . MINUS expr  (55)
	expr : expr . TIMES expr  (56)
	expr : expr TIMES expr .  (56)
	expr : expr . DIVIDE expr  (57)
	expr : expr . MOD expr  (58)
	expr : expr . AND expr  (59)
	expr : expr . OR expr  (60)
	expr : expr . IS expr  (61)
	expr : expr . ISNT expr  (62)
	expr : expr . LT expr  (63)
	expr : expr . LEQ expr  (64)
	expr : expr . GT expr  (65)
	expr : expr . GEQ expr  (66)
	expr : expr . PLUSPLUS  (67)
	expr : expr . MINUSMINUS  (68)
	expr : expr . SHARP  (69)
	expr : expr . FLAT  (70)
	expr : expr . RAISE  (71)
	expr : expr . LOWER  (72)

	PLUSPLUS  shift 81
	MINUSMINUS  shift 82
	SHARP  shift 83
	FLAT  shift 84
	RAISE  shift 85
	LOWER  shift 86
	RIGHTPAREN  reduce 56
	RBRAC  reduce 56
	PLUSEQ  reduce 56
	MINUSEQ  reduce 56
	TIMESEQ  reduce 56
	DIVIDEEQ  reduce 56
	MOD  reduce 56
	AND  reduce 56
	OR  reduce 56
	MODEQ  reduce 56
	PLUS  reduce 56
	MINUS  reduce 56
	TIMES  reduce 56
	DIVIDE  reduce 56
	IS  reduce 56
	ISNT  reduce 56
	LT  reduce 56
	LEQ  reduce 56
	GT  reduce 56
	GEQ  reduce 56
	SEMICOLON  reduce 56
	COMMA  reduce 56


state 115
	expr : expr . PLUSEQ expr  (49)
	expr : expr . MINUSEQ expr  (50)
	expr : expr . TIMESEQ expr  (51)
	expr : expr . DIVIDEEQ expr  (52)
	expr : expr . MODEQ expr  (53)
	expr : expr . PLUS expr  (54)
	expr : expr . MINUS expr  (55)
	expr : expr . TIMES expr  (56)
	expr : expr . DIVIDE expr  (57)
	expr : expr DIVIDE expr .  (57)
	expr : expr . MOD expr  (58)
	expr : expr . AND expr  (59)
	expr : expr . OR expr  (60)
	expr : expr . IS expr  (61)
	expr : expr . ISNT expr  (62)
	expr : expr . LT expr  (63)
	expr : expr . LEQ expr  (64)
	expr : expr . GT expr  (65)
	expr : expr . GEQ expr  (66)
	expr : expr . PLUSPLUS  (67)
	expr : expr . MINUSMINUS  (68)
	expr : expr . SHARP  (69)
	expr : expr . FLAT  (70)
	expr : expr . RAISE  (71)
	expr : expr . LOWER  (72)

	PLUSPLUS  shift 81
	MINUSMINUS  shift 82
	SHARP  shift 83
	FLAT  shift 84
	RAISE  shift 85
	LOWER  shift 86
	RIGHTPAREN  reduce 57
	RBRAC  reduce 57
	PLUSEQ  reduce 57
	MINUSEQ  reduce 57
	TIMESEQ  reduce 57
	DIVIDEEQ  reduce 57
	MOD  reduce 57
	AND  reduce 57
	OR  reduce 57
	MODEQ  reduce 57
	PLUS  reduce 57
	MINUS  reduce 57
	TIMES  reduce 57
	DIVIDE  reduce 57
	IS  reduce 57
	ISNT  reduce 57
	LT  reduce 57
	LEQ  reduce 57
	GT  reduce 57
	GEQ  reduce 57
	SEMICOLON  reduce 57
	COMMA  reduce 57


state 116
	expr : expr . PLUSEQ expr  (49)
	expr : expr . MINUSEQ expr  (50)
	expr : expr . TIMESEQ expr  (51)
	expr : expr . DIVIDEEQ expr  (52)
	expr : expr . MODEQ expr  (53)
	expr : expr . PLUS expr  (54)
	expr : expr . MINUS expr  (55)
	expr : expr . TIMES expr  (56)
	expr : expr . DIVIDE expr  (57)
	expr : expr . MOD expr  (58)
	expr : expr . AND expr  (59)
	expr : expr . OR expr  (60)
	expr : expr . IS expr  (61)
	expr : expr IS expr .  (61)
	expr : expr . ISNT expr  (62)
	expr : expr . LT expr  (63)
	expr : expr . LEQ expr  (64)
	expr : expr . GT expr  (65)
	expr : expr . GEQ expr  (66)
	expr : expr . PLUSPLUS  (67)
	expr : expr . MINUSMINUS  (68)
	expr : expr . SHARP  (69)
	expr : expr . FLAT  (70)
	expr : expr . RAISE  (71)
	expr : expr . LOWER  (72)

	MOD  shift 67
	PLUS  shift 71
	MINUS  shift 72
	TIMES  shift 73
	DIVIDE  shift 74
	LT  shift 77
	LEQ  shift 78
	GT  shift 79
	GEQ  shift 80
	PLUSPLUS  shift 81
	MINUSMINUS  shift 82
	SHARP  shift 83
	FLAT  shift 84
	RAISE  shift 85
	LOWER  shift 86
	RIGHTPAREN  reduce 61
	RBRAC  reduce 61
	PLUSEQ  reduce 61
	MINUSEQ  reduce 61
	TIMESEQ  reduce 61
	DIVIDEEQ  reduce 61
	AND  reduce 61
	OR  reduce 61
	MODEQ  reduce 61
	IS  reduce 61
	ISNT  reduce 61
	SEMICOLON  reduce 61
	COMMA  reduce 61


state 117
	expr : expr . PLUSEQ expr  (49)
	expr : expr . MINUSEQ expr  (50)
	expr : expr . TIMESEQ expr  (51)
	expr : expr . DIVIDEEQ expr  (52)
	expr : expr . MODEQ expr  (53)
	expr : expr . PLUS expr  (54)
	expr : expr . MINUS expr  (55)
	expr : expr . TIMES expr  (56)
	expr : expr . DIVIDE expr  (57)
	expr : expr . MOD expr  (58)
	expr : expr . AND expr  (59)
	expr : expr . OR expr  (60)
	expr : expr . IS expr  (61)
	expr : expr . ISNT expr  (62)
	expr : expr ISNT expr .  (62)
	expr : expr . LT expr  (63)
	expr : expr . LEQ expr  (64)
	expr : expr . GT expr  (65)
	expr : expr . GEQ expr  (66)
	expr : expr . PLUSPLUS  (67)
	expr : expr . MINUSMINUS  (68)
	expr : expr . SHARP  (69)
	expr : expr . FLAT  (70)
	expr : expr . RAISE  (71)
	expr : expr . LOWER  (72)

	MOD  shift 67
	PLUS  shift 71
	MINUS  shift 72
	TIMES  shift 73
	DIVIDE  shift 74
	LT  shift 77
	LEQ  shift 78
	GT  shift 79
	GEQ  shift 80
	PLUSPLUS  shift 81
	MINUSMINUS  shift 82
	SHARP  shift 83
	FLAT  shift 84
	RAISE  shift 85
	LOWER  shift 86
	RIGHTPAREN  reduce 62
	RBRAC  reduce 62
	PLUSEQ  reduce 62
	MINUSEQ  reduce 62
	TIMESEQ  reduce 62
	DIVIDEEQ  reduce 62
	AND  reduce 62
	OR  reduce 62
	MODEQ  reduce 62
	IS  reduce 62
	ISNT  reduce 62
	SEMICOLON  reduce 62
	COMMA  reduce 62


state 118
	expr : expr . PLUSEQ expr  (49)
	expr : expr . MINUSEQ expr  (50)
	expr : expr . TIMESEQ expr  (51)
	expr : expr . DIVIDEEQ expr  (52)
	expr : expr . MODEQ expr  (53)
	expr : expr . PLUS expr  (54)
	expr : expr . MINUS expr  (55)
	expr : expr . TIMES expr  (56)
	expr : expr . DIVIDE expr  (57)
	expr : expr . MOD expr  (58)
	expr : expr . AND expr  (59)
	expr : expr . OR expr  (60)
	expr : expr . IS expr  (61)
	expr : expr . ISNT expr  (62)
	expr : expr . LT expr  (63)
	expr : expr LT expr .  (63)
	expr : expr . LEQ expr  (64)
	expr : expr . GT expr  (65)
	expr : expr . GEQ expr  (66)
	expr : expr . PLUSPLUS  (67)
	expr : expr . MINUSMINUS  (68)
	expr : expr . SHARP  (69)
	expr : expr . FLAT  (70)
	expr : expr . RAISE  (71)
	expr : expr . LOWER  (72)

	MOD  shift 67
	PLUS  shift 71
	MINUS  shift 72
	TIMES  shift 73
	DIVIDE  shift 74
	PLUSPLUS  shift 81
	MINUSMINUS  shift 82
	SHARP  shift 83
	FLAT  shift 84
	RAISE  shift 85
	LOWER  shift 86
	RIGHTPAREN  reduce 63
	RBRAC  reduce 63
	PLUSEQ  reduce 63
	MINUSEQ  reduce 63
	TIMESEQ  reduce 63
	DIVIDEEQ  reduce 63
	AND  reduce 63
	OR  reduce 63
	MODEQ  reduce 63
	IS  reduce 63
	ISNT  reduce 63
	LT  reduce 63
	LEQ  reduce 63
	GT  reduce 63
	GEQ  reduce 63
	SEMICOLON  reduce 63
	COMMA  reduce 63


state 119
	expr : expr . PLUSEQ expr  (49)
	expr : expr . MINUSEQ expr  (50)
	expr : expr . TIMESEQ expr  (51)
	expr : expr . DIVIDEEQ expr  (52)
	expr : expr . MODEQ expr  (53)
	expr : expr . PLUS expr  (54)
	expr : expr . MINUS expr  (55)
	expr : expr . TIMES expr  (56)
	expr : expr . DIVIDE expr  (57)
	expr : expr . MOD expr  (58)
	expr : expr . AND expr  (59)
	expr : expr . OR expr  (60)
	expr : expr . IS expr  (61)
	expr : expr . ISNT expr  (62)
	expr : expr . LT expr  (63)
	expr : expr . LEQ expr  (64)
	expr : expr LEQ expr .  (64)
	expr : expr . GT expr  (65)
	expr : expr . GEQ expr  (66)
	expr : expr . PLUSPLUS  (67)
	expr : expr . MINUSMINUS  (68)
	expr : expr . SHARP  (69)
	expr : expr . FLAT  (70)
	expr : expr . RAISE  (71)
	expr : expr . LOWER  (72)

	MOD  shift 67
	PLUS  shift 71
	MINUS  shift 72
	TIMES  shift 73
	DIVIDE  shift 74
	PLUSPLUS  shift 81
	MINUSMINUS  shift 82
	SHARP  shift 83
	FLAT  shift 84
	RAISE  shift 85
	LOWER  shift 86
	RIGHTPAREN  reduce 64
	RBRAC  reduce 64
	PLUSEQ  reduce 64
	MINUSEQ  reduce 64
	TIMESEQ  reduce 64
	DIVIDEEQ  reduce 64
	AND  reduce 64
	OR  reduce 64
	MODEQ  reduce 64
	IS  reduce 64
	ISNT  reduce 64
	LT  reduce 64
	LEQ  reduce 64
	GT  reduce 64
	GEQ  reduce 64
	SEMICOLON  reduce 64
	COMMA  reduce 64


state 120
	expr : expr . PLUSEQ expr  (49)
	expr : expr . MINUSEQ expr  (50)
	expr : expr . TIMESEQ expr  (51)
	expr : expr . DIVIDEEQ expr  (52)
	expr : expr . MODEQ expr  (53)
	expr : expr . PLUS expr  (54)
	expr : expr . MINUS expr  (55)
	expr : expr . TIMES expr  (56)
	expr : expr . DIVIDE expr  (57)
	expr : expr . MOD expr  (58)
	expr : expr . AND expr  (59)
	expr : expr . OR expr  (60)
	expr : expr . IS expr  (61)
	expr : expr . ISNT expr  (62)
	expr : expr . LT expr  (63)
	expr : expr . LEQ expr  (64)
	expr : expr . GT expr  (65)
	expr : expr GT expr .  (65)
	expr : expr . GEQ expr  (66)
	expr : expr . PLUSPLUS  (67)
	expr : expr . MINUSMINUS  (68)
	expr : expr . SHARP  (69)
	expr : expr . FLAT  (70)
	expr : expr . RAISE  (71)
	expr : expr . LOWER  (72)

	MOD  shift 67
	PLUS  shift 71
	MINUS  shift 72
	TIMES  shift 73
	DIVIDE  shift 74
	PLUSPLUS  shift 81
	MINUSMINUS  shift 82
	SHARP  shift 83
	FLAT  shift 84
	RAISE  shift 85
	LOWER  shift 86
	RIGHTPAREN  reduce 65
	RBRAC  reduce 65
	PLUSEQ  reduce 65
	MINUSEQ  reduce 65
	TIMESEQ  reduce 65
	DIVIDEEQ  reduce 65
	AND  reduce 65
	OR  reduce 65
	MODEQ  reduce 65
	IS  reduce 65
	ISNT  reduce 65
	LT  reduce 65
	LEQ  reduce 65
	GT  reduce 65
	GEQ  reduce 65
	SEMICOLON  reduce 65
	COMMA  reduce 65


state 121
	expr : expr . PLUSEQ expr  (49)
	expr : expr . MINUSEQ expr  (50)
	expr : expr . TIMESEQ expr  (51)
	expr : expr . DIVIDEEQ expr  (52)
	expr : expr . MODEQ expr  (53)
	expr : expr . PLUS expr  (54)
	expr : expr . MINUS expr  (55)
	expr : expr . TIMES expr  (56)
	expr : expr . DIVIDE expr  (57)
	expr : expr . MOD expr  (58)
	expr : expr . AND expr  (59)
	expr : expr . OR expr  (60)
	expr : expr . IS expr  (61)
	expr : expr . ISNT expr  (62)
	expr : expr . LT expr  (63)
	expr : expr . LEQ expr  (64)
	expr : expr . GT expr  (65)
	expr : expr . GEQ expr  (66)
	expr : expr GEQ expr .  (66)
	expr : expr . PLUSPLUS  (67)
	expr : expr . MINUSMINUS  (68)
	expr : expr . SHARP  (69)
	expr : expr . FLAT  (70)
	expr : expr . RAISE  (71)
	expr : expr . LOWER  (72)

	MOD  shift 67
	PLUS  shift 71
	MINUS  shift 72
	TIMES  shift 73
	DIVIDE  shift 74
	PLUSPLUS  shift 81
	MINUSMINUS  shift 82
	SHARP  shift 83
	FLAT  shift 84
	RAISE  shift 85
	LOWER  shift 86
	RIGHTPAREN  reduce 66
	RBRAC  reduce 66
	PLUSEQ  reduce 66
	MINUSEQ  reduce 66
	TIMESEQ  reduce 66
	DIVIDEEQ  reduce 66
	AND  reduce 66
	OR  reduce 66
	MODEQ  reduce 66
	IS  reduce 66
	ISNT  reduce 66
	LT  reduce 66
	LEQ  reduce 66
	GT  reduce 66
	GEQ  reduce 66
	SEMICOLON  reduce 66
	COMMA  reduce 66


state 122
	expr : ID LEFTPAREN actuals_opt RIGHTPAREN .  (74)

	.  reduce 74


state 123
	actuals_list : actuals_list COMMA . expr  (78)

	INTLITERAL  shift 32
	DURATIONINT  shift 33
	DURATIONCONST  shift 34
	NOTECONST  shift 35
	BOOLLITERAL  shift 36
	ID  shift 37
	LEFTPAREN  shift 38
	LBRAC  shift 40
	.  error

	expr  goto 131
	duration_expr  goto 48


state 124
	expr : ID LBRAC expr RBRAC .  (43)

	.  reduce 43


state 125
	expr : LEFTPAREN NOTECONST COMMA OCTAVE . COMMA duration_expr RIGHTPAREN  (45)

	COMMA  shift 132
	.  error


state 126
	expr : LEFTPAREN LBRAC generic_list RBRAC . COMMA duration_expr RIGHTPAREN  (46)
	expr : LBRAC generic_list RBRAC .  (47)

	COMMA  shift 133
	RIGHTPAREN  reduce 47
	PLUSEQ  reduce 47
	MINUSEQ  reduce 47
	TIMESEQ  reduce 47
	DIVIDEEQ  reduce 47
	MOD  reduce 47
	AND  reduce 47
	OR  reduce 47
	MODEQ  reduce 47
	PLUS  reduce 47
	MINUS  reduce 47
	TIMES  reduce 47
	DIVIDE  reduce 47
	IS  reduce 47
	ISNT  reduce 47
	LT  reduce 47
	LEQ  reduce 47
	GT  reduce 47
	GEQ  reduce 47
	PLUSPLUS  reduce 47
	MINUSMINUS  reduce 47
	SHARP  reduce 47
	FLAT  reduce 47
	RAISE  reduce 47
	LOWER  reduce 47


state 127
	generic_list : generic_list COMMA expr .  (35)
	expr : expr . PLUSEQ expr  (49)
	expr : expr . MINUSEQ expr  (50)
	expr : expr . TIMESEQ expr  (51)
	expr : expr . DIVIDEEQ expr  (52)
	expr : expr . MODEQ expr  (53)
	expr : expr . PLUS expr  (54)
	expr : expr . MINUS expr  (55)
	expr : expr . TIMES expr  (56)
	expr : expr . DIVIDE expr  (57)
	expr : expr . MOD expr  (58)
	expr : expr . AND expr  (59)
	expr : expr . OR expr  (60)
	expr : expr . IS expr  (61)
	expr : expr . ISNT expr  (62)
	expr : expr . LT expr  (63)
	expr : expr . LEQ expr  (64)
	expr : expr . GT expr  (65)
	expr : expr . GEQ expr  (66)
	expr : expr . PLUSPLUS  (67)
	expr : expr . MINUSMINUS  (68)
	expr : expr . SHARP  (69)
	expr : expr . FLAT  (70)
	expr : expr . RAISE  (71)
	expr : expr . LOWER  (72)

	PLUSEQ  shift 63
	MINUSEQ  shift 64
	TIMESEQ  shift 65
	DIVIDEEQ  shift 66
	MOD  shift 67
	AND  shift 68
	OR  shift 69
	MODEQ  shift 70
	PLUS  shift 71
	MINUS  shift 72
	TIMES  shift 73
	DIVIDE  shift 74
	IS  shift 75
	ISNT  shift 76
	LT  shift 77
	LEQ  shift 78
	GT  shift 79
	GEQ  shift 80
	PLUSPLUS  shift 81
	MINUSMINUS  shift 82
	SHARP  shift 83
	FLAT  shift 84
	RAISE  shift 85
	LOWER  shift 86
	RBRAC  reduce 35
	COMMA  reduce 35


state 128
	statement : IF LEFTPAREN expr RIGHTPAREN . statement_list elsif_statement END  (26)
	statement : IF LEFTPAREN expr RIGHTPAREN . statement_list elsif_statement ELSE statement_list END  (27)
	statement_list : .  (21)

	.  reduce 21

	statement_list  goto 134


state 129
	statement : WHILE LEFTPAREN expr RIGHTPAREN . statement_list END  (28)
	statement_list : .  (21)

	.  reduce 21

	statement_list  goto 135


state 130
	statement : FOREACH LEFTPAREN param_decl IN . ID RIGHTPAREN statement_list END  (29)

	ID  shift 136
	.  error


state 131
	expr : expr . PLUSEQ expr  (49)
	expr : expr . MINUSEQ expr  (50)
	expr : expr . TIMESEQ expr  (51)
	expr : expr . DIVIDEEQ expr  (52)
	expr : expr . MODEQ expr  (53)
	expr : expr . PLUS expr  (54)
	expr : expr . MINUS expr  (55)
	expr : expr . TIMES expr  (56)
	expr : expr . DIVIDE expr  (57)
	expr : expr . MOD expr  (58)
	expr : expr . AND expr  (59)
	expr : expr . OR expr  (60)
	expr : expr . IS expr  (61)
	expr : expr . ISNT expr  (62)
	expr : expr . LT expr  (63)
	expr : expr . LEQ expr  (64)
	expr : expr . GT expr  (65)
	expr : expr . GEQ expr  (66)
	expr : expr . PLUSPLUS  (67)
	expr : expr . MINUSMINUS  (68)
	expr : expr . SHARP  (69)
	expr : expr . FLAT  (70)
	expr : expr . RAISE  (71)
	expr : expr . LOWER  (72)
	actuals_list : actuals_list COMMA expr .  (78)

	PLUSEQ  shift 63
	MINUSEQ  shift 64
	TIMESEQ  shift 65
	DIVIDEEQ  shift 66
	MOD  shift 67
	AND  shift 68
	OR  shift 69
	MODEQ  shift 70
	PLUS  shift 71
	MINUS  shift 72
	TIMES  shift 73
	DIVIDE  shift 74
	IS  shift 75
	ISNT  shift 76
	LT  shift 77
	LEQ  shift 78
	GT  shift 79
	GEQ  shift 80
	PLUSPLUS  shift 81
	MINUSMINUS  shift 82
	SHARP  shift 83
	FLAT  shift 84
	RAISE  shift 85
	LOWER  shift 86
	RIGHTPAREN  reduce 78
	COMMA  reduce 78


state 132
	expr : LEFTPAREN NOTECONST COMMA OCTAVE COMMA . duration_expr RIGHTPAREN  (45)

	DURATIONINT  shift 33
	DURATIONCONST  shift 34
	.  error

	duration_expr  goto 137


state 133
	expr : LEFTPAREN LBRAC generic_list RBRAC COMMA . duration_expr RIGHTPAREN  (46)

	DURATIONINT  shift 33
	DURATIONCONST  shift 34
	.  error

	duration_expr  goto 138


state 134
	statement_list : statement_list . statement  (22)
	statement : IF LEFTPAREN expr RIGHTPAREN statement_list . elsif_statement END  (26)
	statement : IF LEFTPAREN expr RIGHTPAREN statement_list . elsif_statement ELSE statement_list END  (27)
	elsif_statement : .  (30)

	INTLITERAL  shift 32
	DURATIONINT  shift 33
	DURATIONCONST  shift 34
	NOTECONST  shift 35
	BOOLLITERAL  shift 36
	ID  shift 37
	LEFTPAREN  shift 38
	RIGHTPAREN  shift 39
	LBRAC  shift 40
	IF  shift 41
	ELSIF  shift 139
	WHILE  shift 42
	FOREACH  shift 43
	RETURN  shift 44
	ELSE  reduce 30
	END  reduce 30

	statement  goto 46
	expr  goto 47
	elsif_statement  goto 140
	duration_expr  goto 48


state 135
	statement_list : statement_list . statement  (22)
	statement : WHILE LEFTPAREN expr RIGHTPAREN statement_list . END  (28)

	INTLITERAL  shift 32
	DURATIONINT  shift 33
	DURATIONCONST  shift 34
	NOTECONST  shift 35
	BOOLLITERAL  shift 36
	ID  shift 37
	LEFTPAREN  shift 38
	RIGHTPAREN  shift 39
	LBRAC  shift 40
	IF  shift 41
	WHILE  shift 42
	FOREACH  shift 43
	RETURN  shift 44
	END  shift 141
	.  error

	statement  goto 46
	expr  goto 47
	duration_expr  goto 48


state 136
	statement : FOREACH LEFTPAREN param_decl IN ID . RIGHTPAREN statement_list END  (29)

	RIGHTPAREN  shift 142
	.  error


state 137
	expr : LEFTPAREN NOTECONST COMMA OCTAVE COMMA duration_expr . RIGHTPAREN  (45)

	RIGHTPAREN  shift 143
	.  error


state 138
	expr : LEFTPAREN LBRAC generic_list RBRAC COMMA duration_expr . RIGHTPAREN  (46)

	RIGHTPAREN  shift 144
	.  error


state 139
	elsif_statement : ELSIF . LEFTPAREN expr RIGHTPAREN statement_list  (31)

	LEFTPAREN  shift 145
	.  error


state 140
	statement : IF LEFTPAREN expr RIGHTPAREN statement_list elsif_statement . END  (26)
	statement : IF LEFTPAREN expr RIGHTPAREN statement_list elsif_statement . ELSE statement_list END  (27)

	ELSE  shift 146
	END  shift 147
	.  error


state 141
	statement : WHILE LEFTPAREN expr RIGHTPAREN statement_list END .  (28)

	.  reduce 28


state 142
	statement : FOREACH LEFTPAREN param_decl IN ID RIGHTPAREN . statement_list END  (29)
	statement_list : .  (21)

	.  reduce 21

	statement_list  goto 148


state 143
	expr : LEFTPAREN NOTECONST COMMA OCTAVE COMMA duration_expr RIGHTPAREN .  (45)

	.  reduce 45


state 144
	expr : LEFTPAREN LBRAC generic_list RBRAC COMMA duration_expr RIGHTPAREN .  (46)

	.  reduce 46


state 145
	elsif_statement : ELSIF LEFTPAREN . expr RIGHTPAREN statement_list  (31)

	INTLITERAL  shift 32
	DURATIONINT  shift 33
	DURATIONCONST  shift 34
	NOTECONST  shift 35
	BOOLLITERAL  shift 36
	ID  shift 37
	LEFTPAREN  shift 38
	LBRAC  shift 40
	.  error

	expr  goto 149
	duration_expr  goto 48


state 146
	statement : IF LEFTPAREN expr RIGHTPAREN statement_list elsif_statement ELSE . statement_list END  (27)
	statement_list : .  (21)

	.  reduce 21

	statement_list  goto 150


state 147
	statement : IF LEFTPAREN expr RIGHTPAREN statement_list elsif_statement END .  (26)

	.  reduce 26


state 148
	statement_list : statement_list . statement  (22)
	statement : FOREACH LEFTPAREN param_decl IN ID RIGHTPAREN statement_list . END  (29)

	INTLITERAL  shift 32
	DURATIONINT  shift 33
	DURATIONCONST  shift 34
	NOTECONST  shift 35
	BOOLLITERAL  shift 36
	ID  shift 37
	LEFTPAREN  shift 38
	RIGHTPAREN  shift 39
	LBRAC  shift 40
	IF  shift 41
	WHILE  shift 42
	FOREACH  shift 43
	RETURN  shift 44
	END  shift 151
	.  error

	statement  goto 46
	expr  goto 47
	duration_expr  goto 48


state 149
	elsif_statement : ELSIF LEFTPAREN expr . RIGHTPAREN statement_list  (31)
	expr : expr . PLUSEQ expr  (49)
	expr : expr . MINUSEQ expr  (50)
	expr : expr . TIMESEQ expr  (51)
	expr : expr . DIVIDEEQ expr  (52)
	expr : expr . MODEQ expr  (53)
	expr : expr . PLUS expr  (54)
	expr : expr . MINUS expr  (55)
	expr : expr . TIMES expr  (56)
	expr : expr . DIVIDE expr  (57)
	expr : expr . MOD expr  (58)
	expr : expr . AND expr  (59)
	expr : expr . OR expr  (60)
	expr : expr . IS expr  (61)
	expr : expr . ISNT expr  (62)
	expr : expr . LT expr  (63)
	expr : expr . LEQ expr  (64)
	expr : expr . GT expr  (65)
	expr : expr . GEQ expr  (66)
	expr : expr . PLUSPLUS  (67)
	expr : expr . MINUSMINUS  (68)
	expr : expr . SHARP  (69)
	expr : expr . FLAT  (70)
	expr : expr . RAISE  (71)
	expr : expr . LOWER  (72)

	RIGHTPAREN  shift 152
	PLUSEQ  shift 63
	MINUSEQ  shift 64
	TIMESEQ  shift 65
	DIVIDEEQ  shift 66
	MOD  shift 67
	AND  shift 68
	OR  shift 69
	MODEQ  shift 70
	PLUS  shift 71
	MINUS  shift 72
	TIMES  shift 73
	DIVIDE  shift 74
	IS  shift 75
	ISNT  shift 76
	LT  shift 77
	LEQ  shift 78
	GT  shift 79
	GEQ  shift 80
	PLUSPLUS  shift 81
	MINUSMINUS  shift 82
	SHARP  shift 83
	FLAT  shift 84
	RAISE  shift 85
	LOWER  shift 86
	.  error


state 150
	statement_list : statement_list . statement  (22)
	statement : IF LEFTPAREN expr RIGHTPAREN statement_list elsif_statement ELSE statement_list . END  (27)

	INTLITERAL  shift 32
	DURATIONINT  shift 33
	DURATIONCONST  shift 34
	NOTECONST  shift 35
	BOOLLITERAL  shift 36
	ID  shift 37
	LEFTPAREN  shift 38
	RIGHTPAREN  shift 39
	LBRAC  shift 40
	IF  shift 41
	WHILE  shift 42
	FOREACH  shift 43
	RETURN  shift 44
	END  shift 153
	.  error

	statement  goto 46
	expr  goto 47
	duration_expr  goto 48


state 151
	statement : FOREACH LEFTPAREN param_decl IN ID RIGHTPAREN statement_list END .  (29)

	.  reduce 29


state 152
	elsif_statement : ELSIF LEFTPAREN expr RIGHTPAREN . statement_list  (31)
	statement_list : .  (21)

	.  reduce 21

	statement_list  goto 154


state 153
	statement : IF LEFTPAREN expr RIGHTPAREN statement_list elsif_statement ELSE statement_list END .  (27)

	.  reduce 27


state 154
	statement_list : statement_list . statement  (22)
	elsif_statement : ELSIF LEFTPAREN expr RIGHTPAREN statement_list .  (31)

	INTLITERAL  shift 32
	DURATIONINT  shift 33
	DURATIONCONST  shift 34
	NOTECONST  shift 35
	BOOLLITERAL  shift 36
	ID  shift 37
	LEFTPAREN  shift 38
	RIGHTPAREN  shift 39
	LBRAC  shift 40
	IF  shift 41
	WHILE  shift 42
	FOREACH  shift 43
	RETURN  shift 44
	ELSE  reduce 31
	END  reduce 31

	statement  goto 46
	expr  goto 47
	duration_expr  goto 48


61 terminals, 19 nonterminals
80 grammar rules, 155 states
